2025-06-28 18:32:11,885 - INFO - Created folder: Images
2025-06-28 18:32:11,886 - INFO - Created folder: Documents
2025-06-28 18:32:11,886 - INFO - Created folder: Videos
2025-06-28 18:32:11,887 - INFO - Created folder: Audio
2025-06-28 18:32:11,887 - INFO - Created folder: Archives
2025-06-28 18:32:11,887 - INFO - Created folder: Executables
2025-06-28 18:32:11,888 - INFO - Created folder: Code
2025-06-28 18:32:11,888 - INFO - Created folder: Fonts
2025-06-28 18:32:11,888 - INFO - Created folder: 3D_Models
2025-06-28 18:32:11,889 - INFO - Created folder: CAD
2025-06-28 18:32:11,889 - INFO - Created folder: Database
2025-06-28 18:32:11,889 - INFO - Created folder: Other
2025-06-28 18:32:11,890 - INFO - File Organizer initialized for Desktop: C:\Users\Dave\Desktop
2025-06-28 18:43:36,890 - INFO - File Organizer initialized for Desktop: C:\Users\Dave\Desktop
2025-06-28 18:44:33,823 - INFO - File Organizer initialized for Desktop: C:\Users\Dave\Desktop
2025-06-28 18:45:22,855 - INFO - File Organizer initialized for Desktop: C:\Users\Dave\Desktop
2025-06-28 18:45:22,855 - INFO - Starting file organizer...
2025-06-28 18:45:22,855 - INFO - Monitoring Desktop folder: C:\Users\Dave\Desktop
2025-06-28 18:45:22,855 - INFO - Press Ctrl+C to stop
2025-06-28 18:45:43,894 - INFO - Stopping file organizer...
2025-06-28 18:45:47,077 - INFO - File Organizer initialized for Desktop: C:\Users\Dave\Desktop
2025-06-28 18:46:10,105 - INFO - File Organizer initialized for Desktop: C:\Users\Dave\Desktop
2025-06-28 18:46:10,105 - INFO - Starting file organizer...
2025-06-28 18:46:10,105 - INFO - Monitoring Desktop folder: C:\Users\Dave\Desktop
2025-06-28 18:46:10,106 - INFO - Press Ctrl+C to stop
2025-06-28 18:47:56,493 - INFO - Stopping file organizer...
2025-06-28 18:48:04,728 - INFO - File Organizer initialized for Desktop: C:\Users\Dave\Desktop
2025-06-28 18:48:04,728 - INFO - Starting file organizer...
2025-06-28 18:48:04,728 - INFO - Monitoring Desktop folder: C:\Users\Dave\Desktop
2025-06-28 18:48:04,729 - INFO - Press Ctrl+C to stop
2025-06-28 20:14:48,557 - INFO - File Organizer initialized for Desktop: C:\Users\Dave\Desktop
2025-06-28 20:14:48,558 - INFO - Starting file organizer...
2025-06-28 20:14:48,558 - INFO - Monitoring Desktop folder: C:\Users\Dave\Desktop
2025-06-28 20:14:48,558 - INFO - Press Ctrl+C to stop
